Arguments: 
  /usr/local/bin/node /usr/local/bin/yarn start

PATH: 
  /usr/local/bin:/usr/bin:/bin:/usr/sbin:/sbin

Yarn version: 
  1.5.1

Node version: 
  8.9.4

Platform: 
  darwin x64

npm manifest: 
  {
    "name": "5oclock-dc",
    "version": "1.0.0",
    "description": "happy hour selection tool",
    "main": "index.js",
    "scripts": {
      "server": "node server.js",
      "test": "echo \"Error: no test specified\" && exit 1",
      "start": "node server.js",
      "client": "npm run start --prefix client",
      "dev": "concurrently \"npm run start\" \"npm run client\""
    },
    "repository": {
      "type": "git",
      "url": "git+https://github.com/aspecker/5oclock-dc.git"
    },
    "author": "",
    "license": "ISC",
    "bugs": {
      "url": "https://github.com/aspecker/5oclock-dc/issues"
    },
    "homepage": "https://github.com/aspecker/5oclock-dc#readme",
    "dependencies": {
      "bcrypt-nodejs": "0.0.3",
      "body-parser": "^1.18.2",
      "concurrently": "^3.5.1",
      "cookie-parser": "^1.4.3",
      "express": "^4.16.3",
      "express-session": "^1.15.6",
      "mongoose": "^5.0.14",
      "morgan": "^1.9.0",
      "passport": "^0.4.0",
      "passport-local": "^1.0.0",
      "passport-local-mongoose": "^5.0.0",
      "path": "^0.12.7"
    }
  }

yarn manifest: 
  No manifest

Lockfile: 
  No lockfile

Trace: 
  Error: Command failed.
  Exit code: 1
  Command: sh
  Arguments: -c node server.js
  Directory: /Users/adriankyzer/Desktop/fiveoclock/5oclock-dc
  Output:
  
      at ProcessTermError.MessageError (/usr/local/lib/node_modules/yarn/lib/cli.js:186:110)
      at new ProcessTermError (/usr/local/lib/node_modules/yarn/lib/cli.js:226:113)
      at ChildProcess.<anonymous> (/usr/local/lib/node_modules/yarn/lib/cli.js:30281:17)
      at emitTwo (events.js:126:13)
      at ChildProcess.emit (events.js:214:7)
      at maybeClose (internal/child_process.js:925:16)
      at Process.ChildProcess._handle.onexit (internal/child_process.js:209:5)
